{"total": {"lines":{"total":66,"covered":24,"skipped":0,"pct":36.36},"statements":{"total":66,"covered":24,"skipped":0,"pct":36.36},"functions":{"total":16,"covered":5,"skipped":0,"pct":31.25},"branches":{"total":74,"covered":7,"skipped":0,"pct":9.45},"branchesTrue":{"total":0,"covered":0,"skipped":0,"pct":100}}
,"N:\\360 Core\\Core Apps\\rnd\\node-injector\\inappwebview-provider\\build\\src\\index.d.ts": {"lines":{"total":0,"covered":0,"skipped":0,"pct":0},"functions":{"total":0,"covered":0,"skipped":0,"pct":0},"statements":{"total":0,"covered":0,"skipped":0,"pct":0},"branches":{"total":0,"covered":0,"skipped":0,"pct":0}}
,"N:\\360 Core\\Core Apps\\rnd\\node-injector\\inappwebview-provider\\build\\src\\InAppWebviewProvider\\InAppProvider.d.ts": {"lines":{"total":0,"covered":0,"skipped":0,"pct":0},"functions":{"total":0,"covered":0,"skipped":0,"pct":0},"statements":{"total":0,"covered":0,"skipped":0,"pct":0},"branches":{"total":0,"covered":0,"skipped":0,"pct":0}}
,"N:\\360 Core\\Core Apps\\rnd\\node-injector\\inappwebview-provider\\build\\src\\InAppWebviewProvider\\InAppProvider.test.d.ts": {"lines":{"total":0,"covered":0,"skipped":0,"pct":0},"functions":{"total":0,"covered":0,"skipped":0,"pct":0},"statements":{"total":0,"covered":0,"skipped":0,"pct":0},"branches":{"total":0,"covered":0,"skipped":0,"pct":0}}
,"N:\\360 Core\\Core Apps\\rnd\\node-injector\\inappwebview-provider\\build\\src\\InAppWebviewProvider\\iInAppWebview.d.ts": {"lines":{"total":0,"covered":0,"skipped":0,"pct":0},"functions":{"total":0,"covered":0,"skipped":0,"pct":0},"statements":{"total":0,"covered":0,"skipped":0,"pct":0},"branches":{"total":0,"covered":0,"skipped":0,"pct":0}}
,"N:\\360 Core\\Core Apps\\rnd\\node-injector\\inappwebview-provider\\src\\index.ts": {"lines":{"total":1,"covered":0,"skipped":0,"pct":0},"functions":{"total":0,"covered":0,"skipped":0,"pct":100},"statements":{"total":1,"covered":0,"skipped":0,"pct":0},"branches":{"total":0,"covered":0,"skipped":0,"pct":100}}
,"N:\\360 Core\\Core Apps\\rnd\\node-injector\\inappwebview-provider\\src\\InAppWebviewProvider\\InAppProvider.ts": {"lines":{"total":65,"covered":24,"skipped":0,"pct":36.92},"functions":{"total":16,"covered":5,"skipped":0,"pct":31.25},"statements":{"total":65,"covered":24,"skipped":0,"pct":36.92},"branches":{"total":74,"covered":7,"skipped":0,"pct":9.45}}
}
