{"total": {"lines":{"total":62,"covered":18,"skipped":0,"pct":29.03},"statements":{"total":62,"covered":18,"skipped":0,"pct":29.03},"functions":{"total":16,"covered":5,"skipped":0,"pct":31.25},"branches":{"total":76,"covered":2,"skipped":0,"pct":2.63},"branchesTrue":{"total":0,"covered":0,"skipped":0,"pct":100}}
,"N:\\360 Core\\Core Apps\\rnd\\node-injector\\inappwebview-provider\\build\\src\\index.d.ts": {"lines":{"total":0,"covered":0,"skipped":0,"pct":0},"functions":{"total":0,"covered":0,"skipped":0,"pct":0},"statements":{"total":0,"covered":0,"skipped":0,"pct":0},"branches":{"total":0,"covered":0,"skipped":0,"pct":0}}
,"N:\\360 Core\\Core Apps\\rnd\\node-injector\\inappwebview-provider\\build\\src\\InAppWebviewProvider\\InAppProvider.d.ts": {"lines":{"total":0,"covered":0,"skipped":0,"pct":0},"functions":{"total":0,"covered":0,"skipped":0,"pct":0},"statements":{"total":0,"covered":0,"skipped":0,"pct":0},"branches":{"total":0,"covered":0,"skipped":0,"pct":0}}
,"N:\\360 Core\\Core Apps\\rnd\\node-injector\\inappwebview-provider\\build\\src\\InAppWebviewProvider\\InAppProvider.test.d.ts": {"lines":{"total":0,"covered":0,"skipped":0,"pct":0},"functions":{"total":0,"covered":0,"skipped":0,"pct":0},"statements":{"total":0,"covered":0,"skipped":0,"pct":0},"branches":{"total":0,"covered":0,"skipped":0,"pct":0}}
,"N:\\360 Core\\Core Apps\\rnd\\node-injector\\inappwebview-provider\\build\\src\\InAppWebviewProvider\\iInAppWebview.d.ts": {"lines":{"total":0,"covered":0,"skipped":0,"pct":0},"functions":{"total":0,"covered":0,"skipped":0,"pct":0},"statements":{"total":0,"covered":0,"skipped":0,"pct":0},"branches":{"total":0,"covered":0,"skipped":0,"pct":0}}
,"N:\\360 Core\\Core Apps\\rnd\\node-injector\\inappwebview-provider\\src\\index.ts": {"lines":{"total":2,"covered":0,"skipped":0,"pct":0},"functions":{"total":0,"covered":0,"skipped":0,"pct":100},"statements":{"total":2,"covered":0,"skipped":0,"pct":0},"branches":{"total":0,"covered":0,"skipped":0,"pct":100}}
,"N:\\360 Core\\Core Apps\\rnd\\node-injector\\inappwebview-provider\\src\\InAppWebviewProvider\\InAppProvider.ts": {"lines":{"total":60,"covered":18,"skipped":0,"pct":30},"functions":{"total":16,"covered":5,"skipped":0,"pct":31.25},"statements":{"total":60,"covered":18,"skipped":0,"pct":30},"branches":{"total":76,"covered":2,"skipped":0,"pct":2.63}}
}
